==================== 2025-11-16 10:57:05.172667 | 7ef70d05-a9d9-41c1-a690-65eb8c5f80fc ====================
10:57:05.172988 [info ]: Starting dbt LSP server
10:57:05.173044 [info ]: Connecting to LSP client on port 8000
10:57:05.173341 [info ]: Successfully connected to LSP client
10:57:05.173349 [info ]: Creating LSP service...
10:57:05.231092 [info ]: Creating LSP server...
10:57:05.231110 [info ]: Starting LSP server...
10:57:05.430009 [info ]: Cached model count updated: 5 models (estimate)
10:57:05.457271 [error]: dbt1005: Ref 'join_power_generation' not found in project. Searched for 'power_generation.join_power_generation, join_power_generation'
  --> models/04_aggregate/aggregate_flights.sql:2:19
10:57:05.457343 [error]: dbt1005: Ref 'clean_fact_power_generation' not found in project. Searched for 'power_generation.clean_fact_power_generation, clean_fact_power_generation'
  --> models/03_join/join_flights.sql:3:19
10:57:05.457755 [info ]: Cached model count updated: 5 models (accurate)
10:57:06.132310 [debug]: Query executed on node unknown:
describe table "POWER_GENERATION_DEV"."O1_RAW"."DIM_AIRLINE"
10:57:06.625714 [debug]: Query executed on node unknown:
describe table "POWER_GENERATION_DEV"."O1_RAW"."DIM_AIRPORT"
10:57:07.263238 [debug]: Query executed on node unknown:
describe table "POWER_GENERATION_DEV"."O1_RAW"."FACT_POWER_GENERATION"
10:57:08.519145 [warn ]: dbt1014: Failed to download source schema for 'source.power_generation.power_generation.dim_airline'. Setting 'static_analysis' to off. Skipping analysis for 'model.power_generation.clean_dim_airline': [Snowflake] 002003 (42S02): SQL compilation error:
Table 'POWER_GENERATION_DEV.O1_RAW.DIM_AIRLINE' does not exist or not authorized. (SQLSTATE: 42S02, Vendor code: 2003)
10:57:08.519281 [warn ]: dbt1014: Failed to download source schema for 'source.power_generation.power_generation.dim_airport'. Setting 'static_analysis' to off. Skipping analysis for 'model.power_generation.clean_dim_airport': [Snowflake] 002003 (42S02): SQL compilation error:
Table 'POWER_GENERATION_DEV.O1_RAW.DIM_AIRPORT' does not exist or not authorized. (SQLSTATE: 42S02, Vendor code: 2003)
10:57:08.519344 [warn ]: dbt1014: Failed to download source schema for 'source.power_generation.power_generation.fact_power_generation'. Setting 'static_analysis' to off. Skipping analysis for 'model.power_generation.clean_fact_flights': [Snowflake] 002003 (42S02): SQL compilation error:
Table 'POWER_GENERATION_DEV.O1_RAW.FACT_POWER_GENERATION' does not exist or not authorized. (SQLSTATE: 42S02, Vendor code: 2003)
10:57:08.654008 [error]: dbt1501: Failed to render SQL not a key type: ref not found for package: power_generation, model: join_power_generation, version: None
(in models/04_aggregate/aggregate_flights.sql:2:19)
  --> models/04_aggregate/aggregate_flights.sql:2:19
10:57:08.654139 [error]: dbt1501: Failed to render SQL not a key type: ref not found for package: power_generation, model: clean_fact_power_generation, version: None
(in models/03_join/join_flights.sql:3:19)
  --> models/03_join/join_flights.sql:3:19
10:57:08.658301 [info ]: Cached model count updated: 5 models (accurate)
11:15:11.460221 [info ]: Cached model count updated: 5 models (estimate)
11:15:11.649823 [info ]: Cached model count updated: 5 models (estimate)
11:15:11.675552 [error]: dbt1005: Ref 'join_power_generation' not found in project. Searched for 'power_generation.join_power_generation, join_power_generation'
  --> models/04_aggregate/aggregate_flights.sql:2:19
11:15:11.675588 [error]: dbt1005: Ref 'clean_fact_power_generation' not found in project. Searched for 'power_generation.clean_fact_power_generation, clean_fact_power_generation'
  --> models/03_join/join_flights.sql:3:19
11:15:11.675936 [info ]: Cached model count updated: 5 models (accurate)
11:15:12.290773 [debug]: Query executed on node unknown:
describe table "POWER_GENERATION_DEV"."O1_RAW"."DIM_AIRLINE"
11:15:12.822878 [debug]: Query executed on node unknown:
describe table "POWER_GENERATION_DEV"."O1_RAW"."DIM_AIRPORT"
11:15:13.481464 [debug]: Query executed on node unknown:
describe table "POWER_GENERATION_DEV"."O1_RAW"."FACT_POWER_GENERATION"
11:15:14.065005 [warn ]: dbt1014: Failed to download source schema for 'source.power_generation.power_generation.dim_airline'. Setting 'static_analysis' to off. Skipping analysis for 'model.power_generation.clean_dim_airline': [Snowflake] 002003 (42S02): SQL compilation error:
Table 'POWER_GENERATION_DEV.O1_RAW.DIM_AIRLINE' does not exist or not authorized. (SQLSTATE: 42S02, Vendor code: 2003)
11:15:14.065127 [warn ]: dbt1014: Failed to download source schema for 'source.power_generation.power_generation.dim_airport'. Setting 'static_analysis' to off. Skipping analysis for 'model.power_generation.clean_dim_airport': [Snowflake] 002003 (42S02): SQL compilation error:
Table 'POWER_GENERATION_DEV.O1_RAW.DIM_AIRPORT' does not exist or not authorized. (SQLSTATE: 42S02, Vendor code: 2003)
11:15:14.201359 [error]: dbt1501: Failed to render SQL not a key type: ref not found for package: power_generation, model: join_power_generation, version: None
(in models/04_aggregate/aggregate_flights.sql:2:19)
  --> models/04_aggregate/aggregate_flights.sql:2:19
11:15:14.201408 [error]: dbt1501: Failed to render SQL not a key type: ref not found for package: power_generation, model: clean_fact_power_generation, version: None
(in models/03_join/join_flights.sql:3:19)
  --> models/03_join/join_flights.sql:3:19
11:15:14.281340 [error]: dbt0227: No column TRANSACTIONID found. Available are SOURCE.POWERGENERATIONID, SOURCE.ENDDATE, SOURCE.STARTDATE, SOURCE.VALUEMW, SOURCE.POWER_GENERATIONUNITID
  --> models/02_clean/clean_fact_flights.sql:9:9
11:15:14.285157 [info ]: Cached model count updated: 5 models (accurate)
11:15:52.071403 [info ]: Cached model count updated: 6 models (estimate)
11:15:52.262066 [info ]: Cached model count updated: 6 models (estimate)
11:15:52.286986 [error]: dbt1005: Ref 'join_power_generation' not found in project. Searched for 'power_generation.join_power_generation, join_power_generation'
  --> models/04_aggregate/aggregate_flights.sql:2:19
11:15:52.287385 [info ]: Cached model count updated: 6 models (accurate)
11:15:53.007318 [debug]: Query executed on node unknown:
describe table "POWER_GENERATION_DEV"."O1_RAW"."DIM_AIRLINE"
11:15:53.240194 [debug]: Query executed on node unknown:
describe table "POWER_GENERATION_DEV"."O1_RAW"."DIM_AIRPORT"
11:15:54.792837 [info ]: Cached model count updated: 7 models (estimate)
11:15:54.816599 [error]: dbt1005: Ref 'join_power_generation' not found in project. Searched for 'power_generation.join_power_generation, join_power_generation'
  --> models/04_aggregate/aggregate_flights.sql:2:19
11:15:54.816966 [info ]: Cached model count updated: 7 models (accurate)
11:15:55.393853 [debug]: Query executed on node unknown:
describe table "POWER_GENERATION_DEV"."O1_RAW"."DIM_AIRLINE"
11:15:55.646728 [debug]: Query executed on node unknown:
describe table "POWER_GENERATION_DEV"."O1_RAW"."DIM_AIRPORT"
11:15:56.548884 [debug]: Query executed on node unknown:
describe table "SNOWFLAKE_LEARNING_DB"."RAW_POWER_GENERATION"."DIM_POWER_GENERATION_UNIT_FINAL"
11:15:56.767721 [debug]: Query executed on node unknown:
describe table "SNOWFLAKE_LEARNING_DB"."RAW_POWER_GENERATION"."FACT_POWER_GENERATION_FINAL"
11:15:58.074780 [warn ]: dbt1014: Failed to download source schema for 'source.power_generation.power_generation.dim_airline'. Setting 'static_analysis' to off. Skipping analysis for 'model.power_generation.clean_dim_airline': [Snowflake] 002003 (42S02): SQL compilation error:
Table 'POWER_GENERATION_DEV.O1_RAW.DIM_AIRLINE' does not exist or not authorized. (SQLSTATE: 42S02, Vendor code: 2003)
11:15:58.074870 [warn ]: dbt1014: Failed to download source schema for 'source.power_generation.power_generation.dim_airport'. Setting 'static_analysis' to off. Skipping analysis for 'model.power_generation.clean_dim_airport': [Snowflake] 002003 (42S02): SQL compilation error:
Table 'POWER_GENERATION_DEV.O1_RAW.DIM_AIRPORT' does not exist or not authorized. (SQLSTATE: 42S02, Vendor code: 2003)
11:15:58.074906 [warn ]: dbt1014: Failed to download source schema for 'source.power_generation.raw_power_generation.dim_power_generation_unit_final'. Setting 'static_analysis' to off. Skipping analysis for 'model.power_generation.clean_dim_power_generation_unit': [Snowflake] 002003 (02000): SQL compilation error:
Schema 'SNOWFLAKE_LEARNING_DB.RAW_POWER_GENERATION' does not exist or not authorized.
11:15:58.074932 [warn ]: dbt1014: Failed to download source schema for 'source.power_generation.raw_power_generation.fact_power_generation_final'. Setting 'static_analysis' to off. Skipping analysis for 'model.power_generation.clean_fact_power_generation': [Snowflake] 002003 (02000): SQL compilation error:
Schema 'SNOWFLAKE_LEARNING_DB.RAW_POWER_GENERATION' does not exist or not authorized.
11:15:58.206587 [error]: dbt1501: Failed to render SQL not a key type: ref not found for package: power_generation, model: join_power_generation, version: None
(in models/04_aggregate/aggregate_flights.sql:2:19)
  --> models/04_aggregate/aggregate_flights.sql:2:19
11:15:58.257996 [error]: dbt0227: No column TRANSACTIONID found. Available are SOURCE.POWERGENERATIONID, SOURCE.ENDDATE, SOURCE.STARTDATE, SOURCE.VALUEMW, SOURCE.POWER_GENERATIONUNITID
  --> models/02_clean/clean_fact_flights.sql:9:9
11:15:58.261496 [info ]: Cached model count updated: 7 models (accurate)
11:16:00.837280 [info ]: Cached model count updated: 8 models (estimate)
11:16:01.027125 [info ]: Cached model count updated: 8 models (estimate)
11:16:01.055465 [error]: dbt1005: Ref 'join_power_generation' not found in project. Searched for 'power_generation.join_power_generation, join_power_generation'
  --> models/04_aggregate/aggregate_flights.sql:2:19
11:16:01.055874 [info ]: Cached model count updated: 8 models (accurate)
11:16:01.595251 [debug]: Query executed on node unknown:
describe table "POWER_GENERATION_DEV"."O1_RAW"."DIM_AIRLINE"
11:16:01.851655 [debug]: Query executed on node unknown:
describe table "POWER_GENERATION_DEV"."O1_RAW"."DIM_AIRPORT"
11:16:02.686199 [debug]: Query executed on node unknown:
describe table "SNOWFLAKE_LEARNING_DB"."RAW_POWER_GENERATION"."DIM_POWER_GENERATION_UNIT_FINAL"
11:16:02.931630 [debug]: Query executed on node unknown:
describe table "SNOWFLAKE_LEARNING_DB"."RAW_POWER_GENERATION"."DIM_WEATHER_FINAL"
11:16:03.783462 [debug]: Query executed on node unknown:
describe table "SNOWFLAKE_LEARNING_DB"."RAW_POWER_GENERATION"."FACT_POWER_GENERATION_FINAL"
11:16:05.006687 [warn ]: dbt1014: Failed to download source schema for 'source.power_generation.power_generation.dim_airline'. Setting 'static_analysis' to off. Skipping analysis for 'model.power_generation.clean_dim_airline': [Snowflake] 002003 (42S02): SQL compilation error:
Table 'POWER_GENERATION_DEV.O1_RAW.DIM_AIRLINE' does not exist or not authorized. (SQLSTATE: 42S02, Vendor code: 2003)
11:16:05.006796 [warn ]: dbt1014: Failed to download source schema for 'source.power_generation.power_generation.dim_airport'. Setting 'static_analysis' to off. Skipping analysis for 'model.power_generation.clean_dim_airport': [Snowflake] 002003 (42S02): SQL compilation error:
Table 'POWER_GENERATION_DEV.O1_RAW.DIM_AIRPORT' does not exist or not authorized. (SQLSTATE: 42S02, Vendor code: 2003)
11:16:05.006853 [warn ]: dbt1014: Failed to download source schema for 'source.power_generation.raw_power_generation.dim_power_generation_unit_final'. Setting 'static_analysis' to off. Skipping analysis for 'model.power_generation.clean_dim_power_generation_unit': [Snowflake] 002003 (02000): SQL compilation error:
Schema 'SNOWFLAKE_LEARNING_DB.RAW_POWER_GENERATION' does not exist or not authorized.
11:16:05.006913 [warn ]: dbt1014: Failed to download source schema for 'source.power_generation.raw_power_generation.dim_weather_final'. Setting 'static_analysis' to off. Skipping analysis for 'model.power_generation.clean_dim_weather': [Snowflake] 002003 (02000): SQL compilation error:
Schema 'SNOWFLAKE_LEARNING_DB.RAW_POWER_GENERATION' does not exist or not authorized.
11:16:05.006967 [warn ]: dbt1014: Failed to download source schema for 'source.power_generation.raw_power_generation.fact_power_generation_final'. Setting 'static_analysis' to off. Skipping analysis for 'model.power_generation.clean_fact_power_generation': [Snowflake] 002003 (02000): SQL compilation error:
Schema 'SNOWFLAKE_LEARNING_DB.RAW_POWER_GENERATION' does not exist or not authorized.
11:16:05.131247 [error]: dbt1501: Failed to render SQL not a key type: ref not found for package: power_generation, model: join_power_generation, version: None
(in models/04_aggregate/aggregate_flights.sql:2:19)
  --> models/04_aggregate/aggregate_flights.sql:2:19
11:16:05.182777 [error]: dbt0227: No column TRANSACTIONID found. Available are SOURCE.POWERGENERATIONID, SOURCE.ENDDATE, SOURCE.STARTDATE, SOURCE.VALUEMW, SOURCE.POWER_GENERATIONUNITID
  --> models/02_clean/clean_fact_flights.sql:9:9
11:16:05.186380 [info ]: Cached model count updated: 8 models (accurate)
11:16:52.240902 [info ]: Cached model count updated: 9 models (estimate)
11:16:52.443256 [info ]: Cached model count updated: 9 models (estimate)
11:16:52.470118 [info ]: Cached model count updated: 9 models (accurate)
11:16:53.046018 [debug]: Query executed on node unknown:
describe table "POWER_GENERATION_DEV"."O1_RAW"."DIM_AIRLINE"
11:16:53.522959 [debug]: Query executed on node unknown:
describe table "POWER_GENERATION_DEV"."O1_RAW"."DIM_AIRPORT"
11:16:54.187216 [debug]: Query executed on node unknown:
describe table "SNOWFLAKE_LEARNING_DB"."RAW_POWER_GENERATION"."DIM_POWER_GENERATION_UNIT_FINAL"
11:16:54.617549 [debug]: Query executed on node unknown:
describe table "SNOWFLAKE_LEARNING_DB"."RAW_POWER_GENERATION"."DIM_WEATHER_FINAL"
11:16:54.618150 [debug]: Query executed on node unknown:
describe table "SNOWFLAKE_LEARNING_DB"."RAW_POWER_GENERATION"."FACT_POWER_GENERATION_FINAL"
11:16:55.826584 [warn ]: dbt1014: Failed to download source schema for 'source.power_generation.power_generation.dim_airline'. Setting 'static_analysis' to off. Skipping analysis for 'model.power_generation.clean_dim_airline': [Snowflake] 002003 (42S02): SQL compilation error:
Table 'POWER_GENERATION_DEV.O1_RAW.DIM_AIRLINE' does not exist or not authorized. (SQLSTATE: 42S02, Vendor code: 2003)
11:16:55.826686 [warn ]: dbt1014: Failed to download source schema for 'source.power_generation.power_generation.dim_airport'. Setting 'static_analysis' to off. Skipping analysis for 'model.power_generation.clean_dim_airport': [Snowflake] 002003 (42S02): SQL compilation error:
Table 'POWER_GENERATION_DEV.O1_RAW.DIM_AIRPORT' does not exist or not authorized. (SQLSTATE: 42S02, Vendor code: 2003)
11:16:55.826734 [warn ]: dbt1014: Failed to download source schema for 'source.power_generation.raw_power_generation.dim_power_generation_unit_final'. Setting 'static_analysis' to off. Skipping analysis for 'model.power_generation.clean_dim_power_generation_unit': [Snowflake] 002003 (02000): SQL compilation error:
Schema 'SNOWFLAKE_LEARNING_DB.RAW_POWER_GENERATION' does not exist or not authorized.
11:16:55.826775 [warn ]: dbt1014: Failed to download source schema for 'source.power_generation.raw_power_generation.dim_weather_final'. Setting 'static_analysis' to off. Skipping analysis for 'model.power_generation.clean_dim_weather': [Snowflake] 002003 (02000): SQL compilation error:
Schema 'SNOWFLAKE_LEARNING_DB.RAW_POWER_GENERATION' does not exist or not authorized.
11:16:55.826835 [warn ]: dbt1014: Failed to download source schema for 'source.power_generation.raw_power_generation.fact_power_generation_final'. Setting 'static_analysis' to off. Skipping analysis for 'model.power_generation.clean_fact_power_generation': [Snowflake] 002003 (02000): SQL compilation error:
Schema 'SNOWFLAKE_LEARNING_DB.RAW_POWER_GENERATION' does not exist or not authorized.
11:16:55.958277 [error]: dbt0227: No column TRANSACTIONID found. Available are SOURCE.POWERGENERATIONID, SOURCE.ENDDATE, SOURCE.STARTDATE, SOURCE.VALUEMW, SOURCE.POWER_GENERATIONUNITID
  --> models/02_clean/clean_fact_flights.sql:9:9
11:16:55.962262 [info ]: Cached model count updated: 9 models (accurate)
11:17:27.351724 [info ]: Cached model count updated: 10 models (estimate)
11:17:27.541797 [info ]: Cached model count updated: 10 models (estimate)
11:17:27.568586 [info ]: Cached model count updated: 10 models (accurate)
11:17:28.178153 [debug]: Query executed on node unknown:
describe table "POWER_GENERATION_DEV"."O1_RAW"."DIM_AIRLINE"
11:17:28.655816 [debug]: Query executed on node unknown:
describe table "POWER_GENERATION_DEV"."O1_RAW"."DIM_AIRPORT"
11:17:29.279083 [debug]: Query executed on node unknown:
describe table "SNOWFLAKE_LEARNING_DB"."RAW_POWER_GENERATION"."DIM_POWER_GENERATION_UNIT_FINAL"
11:17:29.750939 [debug]: Query executed on node unknown:
describe table "SNOWFLAKE_LEARNING_DB"."RAW_POWER_GENERATION"."DIM_WEATHER_FINAL"
11:17:30.392267 [debug]: Query executed on node unknown:
describe table "SNOWFLAKE_LEARNING_DB"."RAW_POWER_GENERATION"."FACT_POWER_GENERATION_FINAL"
11:17:31.622173 [warn ]: dbt1014: Failed to download source schema for 'source.power_generation.power_generation.dim_airline'. Setting 'static_analysis' to off. Skipping analysis for 'model.power_generation.clean_dim_airline': [Snowflake] 002003 (42S02): SQL compilation error:
Table 'POWER_GENERATION_DEV.O1_RAW.DIM_AIRLINE' does not exist or not authorized. (SQLSTATE: 42S02, Vendor code: 2003)
11:17:31.622268 [warn ]: dbt1014: Failed to download source schema for 'source.power_generation.power_generation.dim_airport'. Setting 'static_analysis' to off. Skipping analysis for 'model.power_generation.clean_dim_airport': [Snowflake] 002003 (42S02): SQL compilation error:
Table 'POWER_GENERATION_DEV.O1_RAW.DIM_AIRPORT' does not exist or not authorized. (SQLSTATE: 42S02, Vendor code: 2003)
11:17:31.622333 [warn ]: dbt1014: Failed to download source schema for 'source.power_generation.raw_power_generation.dim_power_generation_unit_final'. Setting 'static_analysis' to off. Skipping analysis for 'model.power_generation.clean_dim_power_generation_unit': [Snowflake] 002003 (02000): SQL compilation error:
Schema 'SNOWFLAKE_LEARNING_DB.RAW_POWER_GENERATION' does not exist or not authorized.
11:17:31.622405 [warn ]: dbt1014: Failed to download source schema for 'source.power_generation.raw_power_generation.dim_weather_final'. Setting 'static_analysis' to off. Skipping analysis for 'model.power_generation.clean_dim_weather': [Snowflake] 002003 (02000): SQL compilation error:
Schema 'SNOWFLAKE_LEARNING_DB.RAW_POWER_GENERATION' does not exist or not authorized.
11:17:31.622469 [warn ]: dbt1014: Failed to download source schema for 'source.power_generation.raw_power_generation.fact_power_generation_final'. Setting 'static_analysis' to off. Skipping analysis for 'model.power_generation.clean_fact_power_generation': [Snowflake] 002003 (02000): SQL compilation error:
Schema 'SNOWFLAKE_LEARNING_DB.RAW_POWER_GENERATION' does not exist or not authorized.
11:17:31.793328 [error]: dbt0227: No column TRANSACTIONID found. Available are SOURCE.POWERGENERATIONID, SOURCE.ENDDATE, SOURCE.STARTDATE, SOURCE.VALUEMW, SOURCE.POWER_GENERATIONUNITID
  --> models/02_clean/clean_fact_flights.sql:9:9
11:17:31.797385 [info ]: Cached model count updated: 10 models (accurate)
11:17:53.425016 [info ]: Cached model count updated: 5 models (estimate)
11:17:53.613957 [info ]: Cached model count updated: 5 models (estimate)
11:17:53.640467 [info ]: Cached model count updated: 5 models (accurate)
11:17:54.191541 [debug]: Query executed on node unknown:
describe table "SNOWFLAKE_LEARNING_DB"."RAW_POWER_GENERATION"."DIM_POWER_GENERATION_UNIT_FINAL"
11:17:54.711941 [debug]: Query executed on node unknown:
describe table "SNOWFLAKE_LEARNING_DB"."RAW_POWER_GENERATION"."DIM_WEATHER_FINAL"
11:17:55.332781 [debug]: Query executed on node unknown:
describe table "SNOWFLAKE_LEARNING_DB"."RAW_POWER_GENERATION"."FACT_POWER_GENERATION_FINAL"
11:17:56.549908 [warn ]: dbt1014: Failed to download source schema for 'source.power_generation.raw_power_generation.dim_power_generation_unit_final'. Setting 'static_analysis' to off. Skipping analysis for 'model.power_generation.clean_dim_power_generation_unit': [Snowflake] 002003 (02000): SQL compilation error:
Schema 'SNOWFLAKE_LEARNING_DB.RAW_POWER_GENERATION' does not exist or not authorized.
11:17:56.550007 [warn ]: dbt1014: Failed to download source schema for 'source.power_generation.raw_power_generation.dim_weather_final'. Setting 'static_analysis' to off. Skipping analysis for 'model.power_generation.clean_dim_weather': [Snowflake] 002003 (02000): SQL compilation error:
Schema 'SNOWFLAKE_LEARNING_DB.RAW_POWER_GENERATION' does not exist or not authorized.
11:17:56.550063 [warn ]: dbt1014: Failed to download source schema for 'source.power_generation.raw_power_generation.fact_power_generation_final'. Setting 'static_analysis' to off. Skipping analysis for 'model.power_generation.clean_fact_power_generation': [Snowflake] 002003 (02000): SQL compilation error:
Schema 'SNOWFLAKE_LEARNING_DB.RAW_POWER_GENERATION' does not exist or not authorized.
11:17:56.677143 [info ]: Cached model count updated: 5 models (accurate)
11:18:46.732001 [info ]: Cached model count updated: 5 models (estimate)
11:18:46.921151 [info ]: Cached model count updated: 5 models (estimate)
11:18:46.946538 [error]: dbt1005: Ref 'clean_dim_power_generation_unit' not found in project. Searched for 'power_generation.clean_dim_power_generation_unit, clean_dim_power_generation_unit'
  --> models/03_join/join_power_generation.sql:12:19
11:18:46.947082 [info ]: Cached model count updated: 5 models (accurate)
11:18:47.580972 [debug]: Query executed on node unknown:
describe table "SNOWFLAKE_LEARNING_DB"."RAW_POWER_GENERATION"."DIM_POWER_GENERATION_UNIT_FINAL"
11:18:48.193478 [debug]: Query executed on node unknown:
describe table "SNOWFLAKE_LEARNING_DB"."RAW_POWER_GENERATION"."DIM_WEATHER_FINAL"
11:18:48.694236 [debug]: Query executed on node unknown:
describe table "SNOWFLAKE_LEARNING_DB"."RAW_POWER_GENERATION"."FACT_POWER_GENERATION_FINAL"
11:18:49.900360 [warn ]: dbt1014: Failed to download source schema for 'source.power_generation.raw_power_generation.dim_power_generation_unit_final'. Setting 'static_analysis' to off. Skipping analysis for 'model.power_generation.clean_dim_unit': [Snowflake] 002003 (02000): SQL compilation error:
Schema 'SNOWFLAKE_LEARNING_DB.RAW_POWER_GENERATION' does not exist or not authorized.
11:18:49.900488 [warn ]: dbt1014: Failed to download source schema for 'source.power_generation.raw_power_generation.dim_weather_final'. Setting 'static_analysis' to off. Skipping analysis for 'model.power_generation.clean_dim_weather': [Snowflake] 002003 (02000): SQL compilation error:
Schema 'SNOWFLAKE_LEARNING_DB.RAW_POWER_GENERATION' does not exist or not authorized.
11:18:49.900545 [warn ]: dbt1014: Failed to download source schema for 'source.power_generation.raw_power_generation.fact_power_generation_final'. Setting 'static_analysis' to off. Skipping analysis for 'model.power_generation.clean_fact_power_generation': [Snowflake] 002003 (02000): SQL compilation error:
Schema 'SNOWFLAKE_LEARNING_DB.RAW_POWER_GENERATION' does not exist or not authorized.
11:18:50.034200 [error]: dbt1501: Failed to render SQL not a key type: ref not found for package: power_generation, model: clean_dim_power_generation_unit, version: None
(in models/03_join/join_power_generation.sql:12:19)
  --> models/03_join/join_power_generation.sql:12:19
11:18:50.037820 [info ]: Cached model count updated: 5 models (accurate)
11:19:26.416881 [info ]: Cached model count updated: 5 models (estimate)
11:19:26.440325 [error]: dbt1005: Ref 'clean_dim_power_generation_unit' not found in project. Searched for 'power_generation.clean_dim_power_generation_unit, clean_dim_power_generation_unit'
  --> models/03_join/join_power_generation.sql:12:19
11:19:26.441482 [info ]: Cached model count updated: 5 models (accurate)
11:19:26.441720 [debug]: Incremental compilation - 6 nodes selected: {"model.power_generation.aggregate_power_generation_daily", "model.power_generation.clean_dim_weather", "model.power_generation.clean_fact_power_generation", "model.power_generation.join_power_generation", "source.power_generation.raw_power_generation.dim_weather_final", "source.power_generation.raw_power_generation.fact_power_generation_final"}
11:19:26.442424 [warn ]: dbt1014: Failed to download source schema for 'source.power_generation.raw_power_generation.dim_power_generation_unit_final'. Setting 'static_analysis' to off. Skipping analysis for 'model.power_generation.clean_dim_unit': [Snowflake] 002003 (02000): SQL compilation error:
Schema 'SNOWFLAKE_LEARNING_DB.RAW_POWER_GENERATION' does not exist or not authorized.
11:19:26.442448 [warn ]: dbt1014: Failed to download source schema for 'source.power_generation.raw_power_generation.fact_power_generation_final'. Setting 'static_analysis' to off. Skipping analysis for 'model.power_generation.clean_fact_power_generation': [Snowflake] 002003 (02000): SQL compilation error:
Schema 'SNOWFLAKE_LEARNING_DB.RAW_POWER_GENERATION' does not exist or not authorized.
11:19:26.442463 [warn ]: dbt1014: Failed to download source schema for 'source.power_generation.raw_power_generation.dim_weather_final'. Setting 'static_analysis' to off. Skipping analysis for 'model.power_generation.clean_dim_weather': [Snowflake] 002003 (02000): SQL compilation error:
Schema 'SNOWFLAKE_LEARNING_DB.RAW_POWER_GENERATION' does not exist or not authorized.
11:19:26.551629 [error]: dbt1501: Failed to render SQL not a key type: ref not found for package: power_generation, model: clean_dim_power_generation_unit, version: None
(in models/03_join/join_power_generation.sql:12:19)
  --> models/03_join/join_power_generation.sql:12:19
11:19:26.556441 [info ]: Cached model count updated: 5 models (accurate)
11:19:33.371941 [info ]: Cached model count updated: 5 models (estimate)
11:19:33.389639 [info ]: Cached model count updated: 5 models (accurate)
11:19:33.389821 [debug]: Incremental compilation - 8 nodes selected: {"model.power_generation.aggregate_power_generation_daily", "model.power_generation.clean_dim_unit", "model.power_generation.clean_dim_weather", "model.power_generation.clean_fact_power_generation", "model.power_generation.join_power_generation", "source.power_generation.raw_power_generation.dim_power_generation_unit_final", "source.power_generation.raw_power_generation.dim_weather_final", "source.power_generation.raw_power_generation.fact_power_generation_final"}
11:19:33.390621 [warn ]: dbt1014: Failed to download source schema for 'source.power_generation.raw_power_generation.dim_power_generation_unit_final'. Setting 'static_analysis' to off. Skipping analysis for 'model.power_generation.clean_dim_unit': [Snowflake] 002003 (02000): SQL compilation error:
Schema 'SNOWFLAKE_LEARNING_DB.RAW_POWER_GENERATION' does not exist or not authorized.
11:19:33.390646 [warn ]: dbt1014: Failed to download source schema for 'source.power_generation.raw_power_generation.fact_power_generation_final'. Setting 'static_analysis' to off. Skipping analysis for 'model.power_generation.clean_fact_power_generation': [Snowflake] 002003 (02000): SQL compilation error:
Schema 'SNOWFLAKE_LEARNING_DB.RAW_POWER_GENERATION' does not exist or not authorized.
11:19:33.390662 [warn ]: dbt1014: Failed to download source schema for 'source.power_generation.raw_power_generation.dim_weather_final'. Setting 'static_analysis' to off. Skipping analysis for 'model.power_generation.clean_dim_weather': [Snowflake] 002003 (02000): SQL compilation error:
Schema 'SNOWFLAKE_LEARNING_DB.RAW_POWER_GENERATION' does not exist or not authorized.
11:19:33.506903 [info ]: Cached model count updated: 5 models (accurate)
11:19:41.403591 [info ]: Cached model count updated: 5 models (estimate)
11:19:41.421939 [info ]: Cached model count updated: 5 models (accurate)
11:19:41.422073 [debug]: Incremental compilation - 4 nodes selected: {"model.power_generation.aggregate_power_generation_daily", "model.power_generation.clean_fact_power_generation", "model.power_generation.join_power_generation", "source.power_generation.raw_power_generation.fact_power_generation_final"}
11:19:41.422813 [warn ]: dbt1014: Failed to download source schema for 'source.power_generation.raw_power_generation.dim_power_generation_unit_final'. Setting 'static_analysis' to off. Skipping analysis for 'model.power_generation.clean_dim_unit': [Snowflake] 002003 (02000): SQL compilation error:
Schema 'SNOWFLAKE_LEARNING_DB.RAW_POWER_GENERATION' does not exist or not authorized.
11:19:41.422834 [warn ]: dbt1014: Failed to download source schema for 'source.power_generation.raw_power_generation.fact_power_generation_final'. Setting 'static_analysis' to off. Skipping analysis for 'model.power_generation.clean_fact_power_generation': [Snowflake] 002003 (02000): SQL compilation error:
Schema 'SNOWFLAKE_LEARNING_DB.RAW_POWER_GENERATION' does not exist or not authorized.
11:19:41.422846 [warn ]: dbt1014: Failed to download source schema for 'source.power_generation.raw_power_generation.dim_weather_final'. Setting 'static_analysis' to off. Skipping analysis for 'model.power_generation.clean_dim_weather': [Snowflake] 002003 (02000): SQL compilation error:
Schema 'SNOWFLAKE_LEARNING_DB.RAW_POWER_GENERATION' does not exist or not authorized.
11:19:42.005616 [debug]: Query executed on node unknown:
describe table "POWER_GENERATION_DEV"."O2_CLEAN"."CLEAN_DIM_UNIT"
11:19:42.488667 [debug]: Query executed on node unknown:
describe table "POWER_GENERATION_DEV"."O2_CLEAN"."CLEAN_DIM_WEATHER"
11:19:43.694595 [warn ]: dbt1014: Failed to download model schema for 'model.power_generation.clean_dim_unit'. Setting 'static_analysis' to off. Skipping analysis for 'model.power_generation.join_power_generation': [Snowflake] 002003 (02000): SQL compilation error:
Schema 'POWER_GENERATION_DEV.O2_CLEAN' does not exist or not authorized.
11:19:43.694636 [warn ]: dbt1014: Failed to download model schema for 'model.power_generation.clean_dim_weather'. Setting 'static_analysis' to off. Skipping analysis for 'model.power_generation.join_power_generation': [Snowflake] 002003 (02000): SQL compilation error:
Schema 'POWER_GENERATION_DEV.O2_CLEAN' does not exist or not authorized.
11:19:43.811016 [info ]: Cached model count updated: 5 models (accurate)
11:19:47.245616 [info ]: Cached model count updated: 5 models (estimate)
11:19:47.262387 [info ]: Cached model count updated: 5 models (accurate)
11:19:47.262510 [debug]: Incremental compilation - 4 nodes selected: {"model.power_generation.aggregate_power_generation_daily", "model.power_generation.clean_dim_weather", "model.power_generation.join_power_generation", "source.power_generation.raw_power_generation.dim_weather_final"}
11:19:47.263119 [warn ]: dbt1014: Failed to download model schema for 'model.power_generation.clean_dim_unit'. Setting 'static_analysis' to off. Skipping analysis for 'model.power_generation.join_power_generation': [Snowflake] 002003 (02000): SQL compilation error:
Schema 'POWER_GENERATION_DEV.O2_CLEAN' does not exist or not authorized.
11:19:47.263141 [warn ]: dbt1014: Failed to download source schema for 'source.power_generation.raw_power_generation.fact_power_generation_final'. Setting 'static_analysis' to off. Skipping analysis for 'model.power_generation.clean_fact_power_generation': [Snowflake] 002003 (02000): SQL compilation error:
Schema 'SNOWFLAKE_LEARNING_DB.RAW_POWER_GENERATION' does not exist or not authorized.
11:19:47.263159 [warn ]: dbt1014: Failed to download model schema for 'model.power_generation.clean_dim_weather'. Setting 'static_analysis' to off. Skipping analysis for 'model.power_generation.join_power_generation': [Snowflake] 002003 (02000): SQL compilation error:
Schema 'POWER_GENERATION_DEV.O2_CLEAN' does not exist or not authorized.
11:19:47.263178 [warn ]: dbt1014: Failed to download source schema for 'source.power_generation.raw_power_generation.dim_power_generation_unit_final'. Setting 'static_analysis' to off. Skipping analysis for 'model.power_generation.clean_dim_unit': [Snowflake] 002003 (02000): SQL compilation error:
Schema 'SNOWFLAKE_LEARNING_DB.RAW_POWER_GENERATION' does not exist or not authorized.
11:19:47.263202 [warn ]: dbt1014: Failed to download source schema for 'source.power_generation.raw_power_generation.dim_weather_final'. Setting 'static_analysis' to off. Skipping analysis for 'model.power_generation.clean_dim_weather': [Snowflake] 002003 (02000): SQL compilation error:
Schema 'SNOWFLAKE_LEARNING_DB.RAW_POWER_GENERATION' does not exist or not authorized.
11:19:47.847028 [debug]: Query executed on node unknown:
describe table "POWER_GENERATION_DEV"."O2_CLEAN"."CLEAN_FACT_POWER_GENERATION"
11:19:48.952525 [warn ]: dbt1014: Failed to download model schema for 'model.power_generation.clean_fact_power_generation'. Setting 'static_analysis' to off. Skipping analysis for 'model.power_generation.join_power_generation': [Snowflake] 002003 (02000): SQL compilation error:
Schema 'POWER_GENERATION_DEV.O2_CLEAN' does not exist or not authorized.
11:19:49.072309 [info ]: Cached model count updated: 5 models (accurate)
11:19:52.202429 [info ]: Cached model count updated: 5 models (estimate)
11:19:52.217899 [info ]: Cached model count updated: 5 models (accurate)
11:19:52.218029 [debug]: Incremental compilation - 4 nodes selected: {"model.power_generation.aggregate_power_generation_daily", "model.power_generation.clean_dim_unit", "model.power_generation.join_power_generation", "source.power_generation.raw_power_generation.dim_power_generation_unit_final"}
11:19:52.218821 [warn ]: dbt1014: Failed to download model schema for 'model.power_generation.clean_dim_unit'. Setting 'static_analysis' to off. Skipping analysis for 'model.power_generation.join_power_generation': [Snowflake] 002003 (02000): SQL compilation error:
Schema 'POWER_GENERATION_DEV.O2_CLEAN' does not exist or not authorized.
11:19:52.218849 [warn ]: dbt1014: Failed to download source schema for 'source.power_generation.raw_power_generation.fact_power_generation_final'. Setting 'static_analysis' to off. Skipping analysis for 'model.power_generation.clean_fact_power_generation': [Snowflake] 002003 (02000): SQL compilation error:
Schema 'SNOWFLAKE_LEARNING_DB.RAW_POWER_GENERATION' does not exist or not authorized.
11:19:52.218866 [warn ]: dbt1014: Failed to download model schema for 'model.power_generation.clean_dim_weather'. Setting 'static_analysis' to off. Skipping analysis for 'model.power_generation.join_power_generation': [Snowflake] 002003 (02000): SQL compilation error:
Schema 'POWER_GENERATION_DEV.O2_CLEAN' does not exist or not authorized.
11:19:52.218886 [warn ]: dbt1014: Failed to download source schema for 'source.power_generation.raw_power_generation.dim_power_generation_unit_final'. Setting 'static_analysis' to off. Skipping analysis for 'model.power_generation.clean_dim_unit': [Snowflake] 002003 (02000): SQL compilation error:
Schema 'SNOWFLAKE_LEARNING_DB.RAW_POWER_GENERATION' does not exist or not authorized.
11:19:52.218903 [warn ]: dbt1014: Failed to download model schema for 'model.power_generation.clean_fact_power_generation'. Setting 'static_analysis' to off. Skipping analysis for 'model.power_generation.join_power_generation': [Snowflake] 002003 (02000): SQL compilation error:
Schema 'POWER_GENERATION_DEV.O2_CLEAN' does not exist or not authorized.
11:19:52.218919 [warn ]: dbt1014: Failed to download source schema for 'source.power_generation.raw_power_generation.dim_weather_final'. Setting 'static_analysis' to off. Skipping analysis for 'model.power_generation.clean_dim_weather': [Snowflake] 002003 (02000): SQL compilation error:
Schema 'SNOWFLAKE_LEARNING_DB.RAW_POWER_GENERATION' does not exist or not authorized.
11:19:52.334507 [info ]: Cached model count updated: 5 models (accurate)
